[2020-07-25T19:55:41.549981+00:00] ADOdb.DEBUG: Connect to mysqli using Host=192.168.86.85 User=root DB=employees Port=3306, Socket= Flags=0 [] []
[2020-07-25T19:55:41.592412+00:00] ADOdb.DEBUG: DEBUG LEVEL: 1 (mysqli): BEGIN  [] []
[2020-07-25T19:55:41.604973+00:00] ADOdb.DEBUG: DEBUG LEVEL: 1 (mysqli): SHOW INDEXES FROM employees  [] []
[2020-07-25T19:55:41.800541+00:00] ADOdb.CRITICAL: 	ADOdb\ADOConnection.execute(SHOW INDEXES FROM employees)% line  119, file: /home/mark/v6/vendor/mnewnham/adodb/src/ADOdb/database/drivers/mysqli/ADOMetaFunctions.php ADOdb\database\drivers\mysqli\ADOMetaFunctions.metaIndexes(employees, true, null)% line 2434, file: /home/mark/v6/vendor/mnewnham/adodb/src/ADOdb/ADOConnection.php ADOdb\ADOConnection.metaIndexes(employees, true)% line   40, file: /home/mark/a.php  [] []
[2020-07-25T19:55:41.800541+00:00] ADOdb.CRITICAL: 	ADOdb\ADOConnection.execute(SHOW INDEXES FROM employees)% line  119, file: /home/mark/v6/vendor/mnewnham/adodb/src/ADOdb/database/drivers/mysqli/ADOMetaFunctions.php ADOdb\database\drivers\mysqli\ADOMetaFunctions.metaIndexes(employees, true, null)% line 2434, file: /home/mark/v6/vendor/mnewnham/adodb/src/ADOdb/ADOConnection.php ADOdb\ADOConnection.metaIndexes(employees, true)% line   40, file: /home/mark/a.php  [] []
[2020-07-25T19:55:41.801317+00:00] ADOdb.CRITICAL: EXECUTE errno:1146 errmsg:Table 'employees.employees' doesn't exist [] []
[2020-07-25T19:55:41.801317+00:00] ADOdb.CRITICAL: EXECUTE errno:1146 errmsg:Table 'employees.employees' doesn't exist [] []
[2020-07-25T19:56:58.085329+00:00] ADOdb.DEBUG: Connect to mysqli using Host=192.168.86.85 User=root DB=employees Port=3306, Socket= Flags=0 [] []
[2020-07-25T19:56:58.090122+00:00] ADOdb.DEBUG: DEBUG LEVEL: 1 (mysqli): BEGIN  [] []
[2020-07-25T19:56:58.093055+00:00] ADOdb.DEBUG: DEBUG LEVEL: 1 (mysqli): SHOW INDEXES FROM employees  [] []
[2020-07-25T19:56:58.094915+00:00] ADOdb.CRITICAL: 	ADOdb\ADOConnection.execute(SHOW INDEXES FROM employees)% line  119, file: /home/mark/v6/vendor/mnewnham/adodb/src/ADOdb/database/drivers/mysqli/ADOMetaFunctions.php ADOdb\database\drivers\mysqli\ADOMetaFunctions.metaIndexes(employees, true, null)% line 2434, file: /home/mark/v6/vendor/mnewnham/adodb/src/ADOdb/ADOConnection.php ADOdb\ADOConnection.metaIndexes(employees, true)% line   40, file: /home/mark/a.php  [] []
[2020-07-25T19:56:58.094915+00:00] ADOdb.CRITICAL: 	ADOdb\ADOConnection.execute(SHOW INDEXES FROM employees)% line  119, file: /home/mark/v6/vendor/mnewnham/adodb/src/ADOdb/database/drivers/mysqli/ADOMetaFunctions.php ADOdb\database\drivers\mysqli\ADOMetaFunctions.metaIndexes(employees, true, null)% line 2434, file: /home/mark/v6/vendor/mnewnham/adodb/src/ADOdb/ADOConnection.php ADOdb\ADOConnection.metaIndexes(employees, true)% line   40, file: /home/mark/a.php  [] []
[2020-07-25T19:56:58.095320+00:00] ADOdb.CRITICAL: EXECUTE errno:1146 errmsg:Table 'employees.employees' doesn't exist [] []
[2020-07-25T19:56:58.095320+00:00] ADOdb.CRITICAL: EXECUTE errno:1146 errmsg:Table 'employees.employees' doesn't exist [] []
[2020-07-25T19:57:32.588634+00:00] ADOdb.DEBUG: Connect to mysqli using Host=192.168.86.85 User=root DB=employees Port=3306, Socket= Flags=0 [] []
[2020-07-25T19:57:32.593526+00:00] ADOdb.DEBUG: DEBUG LEVEL: 1 (mysqli): BEGIN  [] []
[2020-07-25T19:57:32.596453+00:00] ADOdb.DEBUG: DEBUG LEVEL: 1 (mysqli): SHOW INDEXES FROM employees  [] []
[2020-07-25T19:57:32.607389+00:00] ADOdb.CRITICAL: 	ADOdb\ADOConnection.execute(SHOW INDEXES FROM employees)% line  119, file: /home/mark/v6/vendor/mnewnham/adodb/src/ADOdb/database/drivers/mysqli/ADOMetaFunctions.php ADOdb\database\drivers\mysqli\ADOMetaFunctions.metaIndexes(employees, true, null)% line 2434, file: /home/mark/v6/vendor/mnewnham/adodb/src/ADOdb/ADOConnection.php ADOdb\ADOConnection.metaIndexes(employees, true)% line   40, file: /home/mark/a.php  [] []
[2020-07-25T19:57:32.607389+00:00] ADOdb.CRITICAL: 	ADOdb\ADOConnection.execute(SHOW INDEXES FROM employees)% line  119, file: /home/mark/v6/vendor/mnewnham/adodb/src/ADOdb/database/drivers/mysqli/ADOMetaFunctions.php ADOdb\database\drivers\mysqli\ADOMetaFunctions.metaIndexes(employees, true, null)% line 2434, file: /home/mark/v6/vendor/mnewnham/adodb/src/ADOdb/ADOConnection.php ADOdb\ADOConnection.metaIndexes(employees, true)% line   40, file: /home/mark/a.php  [] []
[2020-07-25T19:57:32.607770+00:00] ADOdb.CRITICAL: EXECUTE errno:1146 errmsg:Table 'employees.employees' doesn't exist [] []
[2020-07-25T19:57:32.607770+00:00] ADOdb.CRITICAL: EXECUTE errno:1146 errmsg:Table 'employees.employees' doesn't exist [] []
[2020-07-25T19:58:22.295973+00:00] ADOdb.DEBUG: Connect to mysqli using Host=192.168.86.85 User=root DB=employees Port=3306, Socket= Flags=0 [] []
[2020-07-25T19:58:22.300788+00:00] ADOdb.DEBUG: DEBUG LEVEL: 1 (mysqli): BEGIN  [] []
[2020-07-25T19:58:22.303751+00:00] ADOdb.DEBUG: DEBUG LEVEL: 1 (mysqli): SHOW INDEXES FROM employees  [] []
[2020-07-25T19:58:22.305482+00:00] ADOdb.CRITICAL: 	ADOdb\ADOConnection.execute(SHOW INDEXES FROM employees)% line  119, file: /home/mark/v6/vendor/mnewnham/adodb/src/ADOdb/database/drivers/mysqli/ADOMetaFunctions.php ADOdb\database\drivers\mysqli\ADOMetaFunctions.metaIndexes(employees, true, null)% line 2434, file: /home/mark/v6/vendor/mnewnham/adodb/src/ADOdb/ADOConnection.php ADOdb\ADOConnection.metaIndexes(employees, true)% line   40, file: /home/mark/a.php  [] []
[2020-07-25T19:58:22.305482+00:00] ADOdb.CRITICAL: 	ADOdb\ADOConnection.execute(SHOW INDEXES FROM employees)% line  119, file: /home/mark/v6/vendor/mnewnham/adodb/src/ADOdb/database/drivers/mysqli/ADOMetaFunctions.php ADOdb\database\drivers\mysqli\ADOMetaFunctions.metaIndexes(employees, true, null)% line 2434, file: /home/mark/v6/vendor/mnewnham/adodb/src/ADOdb/ADOConnection.php ADOdb\ADOConnection.metaIndexes(employees, true)% line   40, file: /home/mark/a.php  [] []
[2020-07-25T19:58:22.305798+00:00] ADOdb.CRITICAL: EXECUTE errno:1146 errmsg:Table 'employees.employees' doesn't exist [] []
[2020-07-25T19:58:22.305798+00:00] ADOdb.CRITICAL: EXECUTE errno:1146 errmsg:Table 'employees.employees' doesn't exist [] []
[2020-07-25T19:58:59.689128+00:00] ADOdb.DEBUG: Connect to mysqli using Host=192.168.86.85 User=root DB=employees Port=3306, Socket= Flags=0 [] []
[2020-07-25T19:58:59.693455+00:00] ADOdb.DEBUG: DEBUG LEVEL: 1 (mysqli): BEGIN  [] []
[2020-07-25T19:58:59.696323+00:00] ADOdb.DEBUG: DEBUG LEVEL: 1 (mysqli): SHOW INDEXES FROM employees  [] []
[2020-07-25T19:58:59.697855+00:00] ADOdb.CRITICAL: 	ADOdb\ADOConnection.execute(SHOW INDEXES FROM employees)% line  119, file: /home/mark/v6/vendor/mnewnham/adodb/src/ADOdb/database/drivers/mysqli/ADOMetaFunctions.php ADOdb\database\drivers\mysqli\ADOMetaFunctions.metaIndexes(employees, true, null)% line 2434, file: /home/mark/v6/vendor/mnewnham/adodb/src/ADOdb/ADOConnection.php ADOdb\ADOConnection.metaIndexes(employees, true)% line   40, file: /home/mark/a.php  [] []
[2020-07-25T19:58:59.697855+00:00] ADOdb.CRITICAL: 	ADOdb\ADOConnection.execute(SHOW INDEXES FROM employees)% line  119, file: /home/mark/v6/vendor/mnewnham/adodb/src/ADOdb/database/drivers/mysqli/ADOMetaFunctions.php ADOdb\database\drivers\mysqli\ADOMetaFunctions.metaIndexes(employees, true, null)% line 2434, file: /home/mark/v6/vendor/mnewnham/adodb/src/ADOdb/ADOConnection.php ADOdb\ADOConnection.metaIndexes(employees, true)% line   40, file: /home/mark/a.php  [] []
[2020-07-25T19:58:59.698197+00:00] ADOdb.CRITICAL: EXECUTE errno:1146 errmsg:Table 'employees.employees' doesn't exist [] []
[2020-07-25T19:58:59.698197+00:00] ADOdb.CRITICAL: EXECUTE errno:1146 errmsg:Table 'employees.employees' doesn't exist [] []
[2020-07-25T20:26:44.923573+00:00] ADOdb.DEBUG: Connect to mysqli using Host=192.168.86.85 User=root DB=employees Port=3306, Socket= Flags=0 [] []
[2020-07-25T20:26:44.928443+00:00] ADOdb.DEBUG: DEBUG LEVEL: 1 (mysqli): BEGIN  [] []
[2020-07-25T20:26:44.931412+00:00] ADOdb.DEBUG: DEBUG LEVEL: 1 (mysqli): SHOW INDEXES FROM employees  [] []
[2020-07-25T20:26:44.932982+00:00] ADOdb.CRITICAL: 	ADOdb\ADOConnection.execute(SHOW INDEXES FROM employees)% line  119, file: /home/mark/v6/vendor/mnewnham/adodb/src/ADOdb/database/drivers/mysqli/ADOMetaFunctions.php ADOdb\database\drivers\mysqli\ADOMetaFunctions.metaIndexes(employees, true, null)% line 2434, file: /home/mark/v6/vendor/mnewnham/adodb/src/ADOdb/ADOConnection.php ADOdb\ADOConnection.metaIndexes(employees, true)% line   40, file: /home/mark/a.php  [] []
[2020-07-25T20:26:44.932982+00:00] ADOdb.CRITICAL: 	ADOdb\ADOConnection.execute(SHOW INDEXES FROM employees)% line  119, file: /home/mark/v6/vendor/mnewnham/adodb/src/ADOdb/database/drivers/mysqli/ADOMetaFunctions.php ADOdb\database\drivers\mysqli\ADOMetaFunctions.metaIndexes(employees, true, null)% line 2434, file: /home/mark/v6/vendor/mnewnham/adodb/src/ADOdb/ADOConnection.php ADOdb\ADOConnection.metaIndexes(employees, true)% line   40, file: /home/mark/a.php  [] []
[2020-07-25T20:26:44.933423+00:00] ADOdb.CRITICAL: EXECUTE errno:1146 errmsg:Table 'employees.employees' doesn't exist [] []
[2020-07-25T20:26:44.933423+00:00] ADOdb.CRITICAL: EXECUTE errno:1146 errmsg:Table 'employees.employees' doesn't exist [] []
[2020-07-25T20:28:22.563671+00:00] ADOdb.DEBUG: Connect to mysqli using Host=192.168.86.85 User=root DB=employees Port=3306, Socket= Flags=0 [] []
[2020-07-25T20:28:22.568214+00:00] ADOdb.DEBUG: DEBUG LEVEL: 1 (mysqli): BEGIN  [] []
[2020-07-25T20:28:22.571365+00:00] ADOdb.DEBUG: DEBUG LEVEL: 1 (mysqli): SHOW INDEXES FROM employees  [] []
[2020-07-25T20:28:22.573262+00:00] ADOdb.CRITICAL: 	ADOdb\ADOConnection.execute(SHOW INDEXES FROM employees)% line  119, file: /home/mark/v6/vendor/mnewnham/adodb/src/ADOdb/database/drivers/mysqli/ADOMetaFunctions.php ADOdb\database\drivers\mysqli\ADOMetaFunctions.metaIndexes(employees, true, null)% line 2434, file: /home/mark/v6/vendor/mnewnham/adodb/src/ADOdb/ADOConnection.php ADOdb\ADOConnection.metaIndexes(employees, true)% line   40, file: /home/mark/a.php  [] []
[2020-07-25T20:28:22.573262+00:00] ADOdb.CRITICAL: 	ADOdb\ADOConnection.execute(SHOW INDEXES FROM employees)% line  119, file: /home/mark/v6/vendor/mnewnham/adodb/src/ADOdb/database/drivers/mysqli/ADOMetaFunctions.php ADOdb\database\drivers\mysqli\ADOMetaFunctions.metaIndexes(employees, true, null)% line 2434, file: /home/mark/v6/vendor/mnewnham/adodb/src/ADOdb/ADOConnection.php ADOdb\ADOConnection.metaIndexes(employees, true)% line   40, file: /home/mark/a.php  [] []
[2020-07-25T20:28:22.573634+00:00] ADOdb.CRITICAL: EXECUTE errno:1146 errmsg:Table 'employees.employees' doesn't exist [] []
[2020-07-25T20:28:22.573634+00:00] ADOdb.CRITICAL: EXECUTE errno:1146 errmsg:Table 'employees.employees' doesn't exist [] []
[2020-07-25T20:44:01.508677+00:00] ADOdb.DEBUG: Connect to mysqli using Host=192.168.86.85 User=root DB=employees Port=3306, Socket= Flags=0 [] []
[2020-07-25T20:53:02.425140+00:00] ADOdb.DEBUG: Connect to mysqli using Host=192.168.86.85 User=root DB=employees Port=3306, Socket= Flags=0 [] []
[2020-07-25T20:57:09.538472+00:00] ADOdb.DEBUG: Connect to mysqli using Host=192.168.86.85 User=root DB=employees Port=3306, Socket= Flags=0 [] []
